<?xml version="1.0" encoding="UTF-8"?>
<!-- Generated by org.testng.reporters.JUnitXMLReporter -->
<testsuite ignored="2" hostname="BINTERNS-QA44L" failures="3" tests="25" name="Test" time="158.333" errors="0" timestamp="2023-05-02T15:46:41 IST">
  <testcase classname="com.blinkit.test.HotelBookingTest" name="Best_OffersTest" time="2.016"/>
  <testcase classname="com.blinkit.test.HotelBookingTest" name="PageTitleTest" time="4.622"/>
  <testcase classname="com.blinkit.test.HotelBookingTest" name="search_ButtonVisibiltyTest" time="3.035"/>
  <testcase classname="com.blinkit.test.HotelBookingTest" name="Click_searchBtnTest" time="5.205"/>
  <testcase classname="com.blinkit.test.HotelBookingTest" name="City_TextFieldTest" time="20.717"/>
  <testcase classname="com.blinkit.test.HotelBookingTest" name="View_RoomBtnTest" time="9.141">
    <failure type="org.openqa.selenium.NoSuchElementException" message="no such element: Unable to locate element: {&amp;quot;method&amp;quot;:&amp;quot;xpath&amp;quot;,&amp;quot;selector&amp;quot;:&amp;quot;(//a[@class=&amp;apos;fill-btn&amp;apos;])[1]&amp;quot;}
  (Session info: chrome=112.0.5615.138)
For documentation on this error, please visit: https://selenium.dev/exceptions/#no_such_element
Build info: version: &amp;apos;4.8.3&amp;apos;, revision: &amp;apos;e5e76298c3&amp;apos;
System info: os.name: &amp;apos;Windows 10&amp;apos;, os.arch: &amp;apos;amd64&amp;apos;, os.version: &amp;apos;10.0&amp;apos;, java.version: &amp;apos;17.0.5&amp;apos;
Driver info: org.openqa.selenium.chrome.ChromeDriver
Command: [25e35ea96b485335c191ae96f3848580, findElement {using=xpath, value=(//a[@class=&amp;apos;fill-btn&amp;apos;])[1]}]
Capabilities {acceptInsecureCerts: false, browserName: chrome, browserVersion: 112.0.5615.138, chrome: {chromedriverVersion: 112.0.5615.49 (bd2a7bcb881c..., userDataDir: C:\Users\araj\AppData\Local...}, goog:chromeOptions: {debuggerAddress: localhost:52281}, networkConnectionEnabled: false, pageLoadStrategy: normal, platformName: WINDOWS, proxy: Proxy(), se:cdp: ws://localhost:52281/devtoo..., se:cdpVersion: 112.0.5615.138, setWindowRect: true, strictFileInteractability: false, timeouts: {implicit: 0, pageLoad: 300000, script: 30000}, unhandledPromptBehavior: dismiss and notify, webauthn:extension:credBlob: true, webauthn:extension:largeBlob: true, webauthn:extension:minPinLength: true, webauthn:extension:prf: true, webauthn:virtualAuthenticators: true}
Session ID: 25e35ea96b485335c191ae96f3848580">
      <![CDATA[org.openqa.selenium.NoSuchElementException: no such element: Unable to locate element: {"method":"xpath","selector":"(//a[@class='fill-btn'])[1]"}
  (Session info: chrome=112.0.5615.138)
For documentation on this error, please visit: https://selenium.dev/exceptions/#no_such_element
Build info: version: '4.8.3', revision: 'e5e76298c3'
System info: os.name: 'Windows 10', os.arch: 'amd64', os.version: '10.0', java.version: '17.0.5'
Driver info: org.openqa.selenium.chrome.ChromeDriver
Command: [25e35ea96b485335c191ae96f3848580, findElement {using=xpath, value=(//a[@class='fill-btn'])[1]}]
Capabilities {acceptInsecureCerts: false, browserName: chrome, browserVersion: 112.0.5615.138, chrome: {chromedriverVersion: 112.0.5615.49 (bd2a7bcb881c..., userDataDir: C:\Users\araj\AppData\Local...}, goog:chromeOptions: {debuggerAddress: localhost:52281}, networkConnectionEnabled: false, pageLoadStrategy: normal, platformName: WINDOWS, proxy: Proxy(), se:cdp: ws://localhost:52281/devtoo..., se:cdpVersion: 112.0.5615.138, setWindowRect: true, strictFileInteractability: false, timeouts: {implicit: 0, pageLoad: 300000, script: 30000}, unhandledPromptBehavior: dismiss and notify, webauthn:extension:credBlob: true, webauthn:extension:largeBlob: true, webauthn:extension:minPinLength: true, webauthn:extension:prf: true, webauthn:virtualAuthenticators: true}
Session ID: 25e35ea96b485335c191ae96f3848580
at org.openqa.selenium.remote.codec.w3c.W3CHttpResponseCodec.createException(W3CHttpResponseCodec.java:200)
at org.openqa.selenium.remote.codec.w3c.W3CHttpResponseCodec.decode(W3CHttpResponseCodec.java:133)
at org.openqa.selenium.remote.codec.w3c.W3CHttpResponseCodec.decode(W3CHttpResponseCodec.java:53)
at org.openqa.selenium.remote.HttpCommandExecutor.execute(HttpCommandExecutor.java:193)
at org.openqa.selenium.remote.service.DriverCommandExecutor.invokeExecute(DriverCommandExecutor.java:183)
at org.openqa.selenium.remote.service.DriverCommandExecutor.execute(DriverCommandExecutor.java:158)
at org.openqa.selenium.remote.RemoteWebDriver.execute(RemoteWebDriver.java:543)
at org.openqa.selenium.remote.ElementLocation$ElementFinder$2.findElement(ElementLocation.java:162)
at org.openqa.selenium.remote.ElementLocation.findElement(ElementLocation.java:60)
at org.openqa.selenium.remote.RemoteWebDriver.findElement(RemoteWebDriver.java:352)
at org.openqa.selenium.remote.RemoteWebDriver.findElement(RemoteWebDriver.java:344)
at org.openqa.selenium.support.pagefactory.DefaultElementLocator.findElement(DefaultElementLocator.java:70)
at org.openqa.selenium.support.pagefactory.internal.LocatingElementHandler.invoke(LocatingElementHandler.java:39)
at jdk.proxy2/jdk.proxy2.$Proxy16.isDisplayed(Unknown Source)
at com.blinkit.test.HotelBookingTest.View_RoomBtnTest(HotelBookingTest.java:108)
at java.base/java.util.ArrayList.forEach(ArrayList.java:1511)
... Removed 32 stack frames]]>
    </failure>
  </testcase> <!-- View_RoomBtnTest -->
  <testcase classname="com.blinkit.test.HotelBookingTest" name="Click_BookNowBtnTest" time="0.0">
    <skipped/>
  </testcase> <!-- Click_BookNowBtnTest -->
  <testcase classname="com.blinkit.test.HotelBookingTest" name="ErrorMsgeTest" time="0.0">
    <skipped/>
  </testcase> <!-- ErrorMsgeTest -->
  <testcase classname="com.blinkit.test.HotelBookingTest" name="PaymentBtnTest" time="0.001">
    <skipped/>
  </testcase> <!-- PaymentBtnTest -->
  <testcase classname="com.blinkit.test.HomePageTest" name="ChatTest" time="5.042">
    <failure type="org.openqa.selenium.NoSuchElementException" message="no such element: Unable to locate element: {&amp;quot;method&amp;quot;:&amp;quot;xpath&amp;quot;,&amp;quot;selector&amp;quot;:&amp;quot;(//div[@class=&amp;apos;eb-bubble eb-you&amp;apos;])[1]&amp;quot;}
  (Session info: chrome=112.0.5615.138)
For documentation on this error, please visit: https://selenium.dev/exceptions/#no_such_element
Build info: version: &amp;apos;4.8.3&amp;apos;, revision: &amp;apos;e5e76298c3&amp;apos;
System info: os.name: &amp;apos;Windows 10&amp;apos;, os.arch: &amp;apos;amd64&amp;apos;, os.version: &amp;apos;10.0&amp;apos;, java.version: &amp;apos;17.0.5&amp;apos;
Driver info: org.openqa.selenium.chrome.ChromeDriver
Command: [0a8e069551bcba1fe9811900e8910eb4, findElement {using=xpath, value=(//div[@class=&amp;apos;eb-bubble eb-you&amp;apos;])[1]}]
Capabilities {acceptInsecureCerts: false, browserName: chrome, browserVersion: 112.0.5615.138, chrome: {chromedriverVersion: 112.0.5615.49 (bd2a7bcb881c..., userDataDir: C:\Users\araj\AppData\Local...}, goog:chromeOptions: {debuggerAddress: localhost:52448}, networkConnectionEnabled: false, pageLoadStrategy: normal, platformName: WINDOWS, proxy: Proxy(), se:cdp: ws://localhost:52448/devtoo..., se:cdpVersion: 112.0.5615.138, setWindowRect: true, strictFileInteractability: false, timeouts: {implicit: 0, pageLoad: 300000, script: 30000}, unhandledPromptBehavior: dismiss and notify, webauthn:extension:credBlob: true, webauthn:extension:largeBlob: true, webauthn:extension:minPinLength: true, webauthn:extension:prf: true, webauthn:virtualAuthenticators: true}
Session ID: 0a8e069551bcba1fe9811900e8910eb4">
      <![CDATA[org.openqa.selenium.NoSuchElementException: no such element: Unable to locate element: {"method":"xpath","selector":"(//div[@class='eb-bubble eb-you'])[1]"}
  (Session info: chrome=112.0.5615.138)
For documentation on this error, please visit: https://selenium.dev/exceptions/#no_such_element
Build info: version: '4.8.3', revision: 'e5e76298c3'
System info: os.name: 'Windows 10', os.arch: 'amd64', os.version: '10.0', java.version: '17.0.5'
Driver info: org.openqa.selenium.chrome.ChromeDriver
Command: [0a8e069551bcba1fe9811900e8910eb4, findElement {using=xpath, value=(//div[@class='eb-bubble eb-you'])[1]}]
Capabilities {acceptInsecureCerts: false, browserName: chrome, browserVersion: 112.0.5615.138, chrome: {chromedriverVersion: 112.0.5615.49 (bd2a7bcb881c..., userDataDir: C:\Users\araj\AppData\Local...}, goog:chromeOptions: {debuggerAddress: localhost:52448}, networkConnectionEnabled: false, pageLoadStrategy: normal, platformName: WINDOWS, proxy: Proxy(), se:cdp: ws://localhost:52448/devtoo..., se:cdpVersion: 112.0.5615.138, setWindowRect: true, strictFileInteractability: false, timeouts: {implicit: 0, pageLoad: 300000, script: 30000}, unhandledPromptBehavior: dismiss and notify, webauthn:extension:credBlob: true, webauthn:extension:largeBlob: true, webauthn:extension:minPinLength: true, webauthn:extension:prf: true, webauthn:virtualAuthenticators: true}
Session ID: 0a8e069551bcba1fe9811900e8910eb4
at org.openqa.selenium.remote.codec.w3c.W3CHttpResponseCodec.createException(W3CHttpResponseCodec.java:200)
at org.openqa.selenium.remote.codec.w3c.W3CHttpResponseCodec.decode(W3CHttpResponseCodec.java:133)
at org.openqa.selenium.remote.codec.w3c.W3CHttpResponseCodec.decode(W3CHttpResponseCodec.java:53)
at org.openqa.selenium.remote.HttpCommandExecutor.execute(HttpCommandExecutor.java:193)
at org.openqa.selenium.remote.service.DriverCommandExecutor.invokeExecute(DriverCommandExecutor.java:183)
at org.openqa.selenium.remote.service.DriverCommandExecutor.execute(DriverCommandExecutor.java:158)
at org.openqa.selenium.remote.RemoteWebDriver.execute(RemoteWebDriver.java:543)
at org.openqa.selenium.remote.ElementLocation$ElementFinder$2.findElement(ElementLocation.java:162)
at org.openqa.selenium.remote.ElementLocation.findElement(ElementLocation.java:60)
at org.openqa.selenium.remote.RemoteWebDriver.findElement(RemoteWebDriver.java:352)
at org.openqa.selenium.remote.RemoteWebDriver.findElement(RemoteWebDriver.java:344)
at org.openqa.selenium.support.pagefactory.DefaultElementLocator.findElement(DefaultElementLocator.java:70)
at org.openqa.selenium.support.pagefactory.internal.LocatingElementHandler.invoke(LocatingElementHandler.java:39)
at jdk.proxy2/jdk.proxy2.$Proxy16.isDisplayed(Unknown Source)
at com.blinkit.test.HomePageTest.ChatTest(HomePageTest.java:189)
at java.base/java.util.ArrayList.forEach(ArrayList.java:1511)
... Removed 32 stack frames]]>
    </failure>
  </testcase> <!-- ChatTest -->
  <testcase classname="com.blinkit.test.HomePageTest" name="HomePageTitleTest" time="2.022"/>
  <testcase classname="com.blinkit.test.HomePageTest" name="HeaderlogoVisibilityTest" time="0.024"/>
  <testcase classname="com.blinkit.test.HomePageTest" name="currentUrlTest" time="0.006"/>
  <testcase classname="com.blinkit.test.HomePageTest" name="FlightTabTest" time="2.395"/>
  <testcase classname="com.blinkit.test.HomePageTest" name="Hotels_tab" time="9.277"/>
  <testcase classname="com.blinkit.test.HomePageTest" name="ValidateFlight_HotelsTab" time="4.152"/>
  <testcase classname="com.blinkit.test.HomePageTest" name="Train_TabTest" time="4.742"/>
  <testcase classname="com.blinkit.test.HomePageTest" name="Bus_TabTest" time="1.835"/>
  <testcase classname="com.blinkit.test.HomePageTest" name="HeaderlinkCount_Test" time="0.016"/>
  <testcase classname="com.blinkit.test.HomePageTest" name="FooterlinkCount_Test" time="0.015"/>
  <testcase classname="com.blinkit.test.HomePageTest" name="JoinIcon_Test" time="4.126"/>
  <testcase classname="com.blinkit.test.HomePageTest" name="Source_LocTest" time="25.678"/>
  <testcase classname="com.blinkit.test.HomePageTest" name="SearchBtn_FuncTest" time="22.271"/>
  <testcase classname="com.blinkit.test.HomePageTest" name="FilterSearch_resultTest" time="19.77"/>
  <testcase classname="com.blinkit.test.HomePageTest" name="WebcheckInBtn_Test" time="0.124">
    <failure type="java.lang.AssertionError" message="expected [https://www.easemytrip.com/web-checkin.html] but found [https://www.easemytrip.com/JoinEMTPro]">
      <![CDATA[java.lang.AssertionError: expected [https://www.easemytrip.com/web-checkin.html] but found [https://www.easemytrip.com/JoinEMTPro]
at com.blinkit.test.HomePageAction.a_WebCheck_In(HomePageAction.java:109)
at com.blinkit.test.HomePageTest.WebcheckInBtn_Test(HomePageTest.java:182)
at java.base/java.util.ArrayList.forEach(ArrayList.java:1511)
... Removed 33 stack frames]]>
    </failure>
  </testcase> <!-- WebcheckInBtn_Test -->
  <testcase classname="com.blinkit.test.HotelBookingTest" name="Hotel_Listing_LinkTest" time="0.0">
    <ignored/>
  </testcase> <!-- Hotel_Listing_LinkTest -->
  <testcase classname="com.blinkit.test.HomePageTest" name="FlightBookingTest" time="0.0">
    <ignored/>
  </testcase> <!-- FlightBookingTest -->
</testsuite> <!-- Test -->
